<?xml version="1.0" encoding="UTF-8"?>
<!-- Generated by org.testng.reporters.JUnitReportReporter -->
<testsuite hostname="DESKTOP-KFFBR4I" failures="0" tests="1" name="demo.mvn.z2" time="33.441" errors="0" timestamp="21 Sep 2022 16:35:46 GMT" skipped="0">
  <testcase classname="demo.mvn.z2" name="test1" time="33.441"/>
</testsuite> <!-- demo.mvn.z2 -->
