<?xml version="1.0" encoding="UTF-8"?>
<!-- Generated by org.testng.reporters.JUnitReportReporter -->
<testsuite hostname="DESKTOP-KFFBR4I" failures="0" tests="1" name="demo.mvn.Navigatingtesting" time="36.566" errors="0" timestamp="03 Oct 2022 16:59:56 GMT" skipped="0">
  <testcase classname="demo.mvn.Navigatingtesting" name="test1" time="36.566"/>
</testsuite> <!-- demo.mvn.Navigatingtesting -->
