<?xml version="1.0" encoding="UTF-8"?>
<!-- Generated by org.testng.reporters.JUnitReportReporter -->
<testsuite hostname="DESKTOP-KFFBR4I" failures="0" tests="1" name="demo.mvn.Navigatingtesting" time="32.179" errors="0" timestamp="21 Sep 2022 16:43:26 GMT" skipped="0">
  <testcase classname="demo.mvn.Navigatingtesting" name="test1" time="32.179"/>
</testsuite> <!-- demo.mvn.Navigatingtesting -->
